<?xml version="1.0" encoding="UTF-8"?>
<robot generator="Robot 7.1.1 (Python 3.12.3 on win32)" generated="2024-12-26T16:40:47.166774" rpa="false" schemaversion="5">
<suite id="s1" name="Suites">
<suite id="s1-s1" name="DataDrivn RestfulBooking-CSV" source="C:\Users\DELL\Documents\Automation\Robot-Framework\Projects\Final-Good practices\RobotFramework\STCS_APITestingUsingRF\Tests\DataDrivn_RestfulBooking-CSV.robot">
<test id="s1-s1-t1" name="Create Booking With CSV using firstname: Nesma ,lastname: Samy , totalprice: 750 , depositpaid: False , checkin: 1/12/2010 , checkout: 15/1/2010 and additionalneeds: Super" line="8">
<kw name="Create Booking using Data Driven">
<kw name="Create Dictionary" owner="BuiltIn">
<msg time="2024-12-26T16:40:47.362117" level="INFO">${booking_dates} = {'checkin': '1/12/2010', 'checkout': '15/1/2010'}</msg>
<var>${booking_dates}</var>
<arg>checkin=${checkin}</arg>
<arg>checkout=${checkout}</arg>
<doc>Creates and returns a dictionary based on the given ``items``.</doc>
<status status="PASS" start="2024-12-26T16:40:47.362117" elapsed="0.000000"/>
</kw>
<kw name="Create Dictionary" owner="BuiltIn">
<msg time="2024-12-26T16:40:47.363117" level="INFO">${body} = {'firstname': 'Nesma', 'lastname': 'Samy', 'totalprice': '750', 'depositpaid': 'False', 'bookingdates': {'checkin': '1/12/2010', 'checkout': '15/1/2010'}, 'additionalneeds': 'Super'}</msg>
<var>${body}</var>
<arg>firstname=${firstname}</arg>
<arg>lastname=${lastname}</arg>
<arg>totalprice=${totalprice}</arg>
<arg>depositpaid=${depositpaid}</arg>
<arg>bookingdates=${booking_dates}</arg>
<arg>additionalneeds=${additionalneeds}</arg>
<doc>Creates and returns a dictionary based on the given ``items``.</doc>
<status status="PASS" start="2024-12-26T16:40:47.362117" elapsed="0.001000"/>
</kw>
<kw name="Create Session" owner="RequestsLibrary">
<msg time="2024-12-26T16:40:47.363117" level="INFO">Creating Session using : alias=POST, url=https://restful-booker.herokuapp.com, headers={},                     cookies={}, auth=None, timeout=None, proxies=None, verify=False,                     debug=0 </msg>
<arg>POST</arg>
<arg>${restfulBooker_baseUrl}</arg>
<arg>disable_warnings=1</arg>
<doc>Create Session: create a HTTP session to a server</doc>
<status status="PASS" start="2024-12-26T16:40:47.363117" elapsed="0.000000"/>
</kw>
<kw name="POST On Session" owner="RequestsLibrary">
<msg time="2024-12-26T16:40:47.922613" level="INFO">POST Request : url=https://restful-booker.herokuapp.com/booking 
 path_url=/booking 
 headers={'User-Agent': 'python-requests/2.31.0', 'Accept-Encoding': 'gzip, deflate', 'Accept': '*/*', 'Connection': 'keep-alive', 'Content-Length': '182', 'Content-Type': 'application/json'} 
 body=b'{"firstname": "Nesma", "lastname": "Samy", "totalprice": "750", "depositpaid": "False", "bookingdates": {"checkin": "1/12/2010", "checkout": "15/1/2010"}, "additionalneeds": "Super"}' 
 </msg>
<msg time="2024-12-26T16:40:47.922613" level="INFO">POST Response : url=https://restful-booker.herokuapp.com/booking 
 status=200, reason=OK 
 headers={'Server': 'Cowboy', 'Report-To': '{"group":"heroku-nel","max_age":3600,"endpoints":[{"url":"https://nel.heroku.com/reports?ts=1735224050&amp;sid=c46efe9b-d3d2-4a0c-8c76-bfafa16c5add&amp;s=Ls0pPX9TyktyuOtzNj5lMw1svuIQwrmDVGDOLKhXrWo%3D"}]}', 'Reporting-Endpoints': 'heroku-nel=https://nel.heroku.com/reports?ts=1735224050&amp;sid=c46efe9b-d3d2-4a0c-8c76-bfafa16c5add&amp;s=Ls0pPX9TyktyuOtzNj5lMw1svuIQwrmDVGDOLKhXrWo%3D', 'Nel': '{"report_to":"heroku-nel","max_age":3600,"success_fraction":0.005,"failure_fraction":0.05,"response_headers":["Via"]}', 'Connection': 'keep-alive', 'X-Powered-By': 'Express', 'Content-Type': 'application/json; charset=utf-8', 'Content-Length': '192', 'Etag': 'W/"c0-wQlukJ/zrH/LOGA+NWfZ0lYw18E"', 'Date': 'Thu, 26 Dec 2024 14:40:50 GMT', 'Via': '1.1 vegur'} 
 body={"bookingid":42,"booking":{"firstname":"Nesma","lastname":"Samy","totalprice":750,"depositpaid":true,"bookingdates":{"checkin":"2010-01-12","checkout":"0NaN-aN-aN"},"additionalneeds":"Super"}} 
 </msg>
<msg time="2024-12-26T16:40:47.922613" level="INFO">${post_response} = &lt;Response [200]&gt;</msg>
<var>${post_response}</var>
<arg>POST</arg>
<arg>${Booking_ENDPOINT}</arg>
<arg>json=${body}</arg>
<doc>Sends a POST request on a previously created HTTP Session.</doc>
<status status="PASS" start="2024-12-26T16:40:47.363117" elapsed="0.559496"/>
</kw>
<kw name="Status Should Be" owner="RequestsLibrary">
<arg>200</arg>
<doc>Fails if response status code is different than the expected.</doc>
<status status="PASS" start="2024-12-26T16:40:47.923617" elapsed="0.000000"/>
</kw>
<kw name="Log To Console" owner="BuiltIn">
<arg>${post_response.content}</arg>
<doc>Logs the given message to the console.</doc>
<status status="PASS" start="2024-12-26T16:40:47.923617" elapsed="0.001000"/>
</kw>
<kw name="Convert To String" owner="BuiltIn">
<msg time="2024-12-26T16:40:47.924617" level="INFO">${res_body} = {"bookingid":42,"booking":{"firstname":"Nesma","lastname":"Samy","totalprice":750,"depositpaid":true,"bookingdates":{"checkin":"2010-01-12","checkout":"0NaN-aN-aN"},"additionalneeds":"Super"}}</msg>
<var>${res_body}</var>
<arg>${post_response.content}</arg>
<doc>Converts the given item to a Unicode string.</doc>
<status status="PASS" start="2024-12-26T16:40:47.924617" elapsed="0.000000"/>
</kw>
<kw name="Should Contain" owner="BuiltIn">
<arg>${res_body}</arg>
<arg>id</arg>
<doc>Fails if ``container`` does not contain ``item`` one or more times.</doc>
<status status="PASS" start="2024-12-26T16:40:47.924617" elapsed="0.000000"/>
</kw>
<kw name="Log To Console" owner="BuiltIn">
<arg>${res_body}</arg>
<arg>id</arg>
<doc>Logs the given message to the console.</doc>
<status status="PASS" start="2024-12-26T16:40:47.924617" elapsed="0.000997"/>
</kw>
<arg>firstname=Nesma</arg>
<arg>lastname=Samy</arg>
<arg>totalprice=750</arg>
<arg>depositpaid=False</arg>
<arg>checkin=1/12/2010</arg>
<arg>checkout=15/1/2010</arg>
<arg>additionalneeds=Super</arg>
<status status="PASS" start="2024-12-26T16:40:47.361117" elapsed="0.564497"/>
</kw>
<status status="PASS" start="2024-12-26T16:40:47.360117" elapsed="0.565497"/>
</test>
<test id="s1-s1-t2" name="Create Booking With CSV using firstname: Loay ,lastname: Mamdouh , totalprice: 245 , depositpaid: True , checkin: 6/16/2024 , checkout: 8/1/2024 and additionalneeds: Lanuch" line="8">
<kw name="Create Booking using Data Driven">
<kw name="Create Dictionary" owner="BuiltIn">
<msg time="2024-12-26T16:40:47.926612" level="INFO">${booking_dates} = {'checkin': '6/16/2024', 'checkout': '8/1/2024'}</msg>
<var>${booking_dates}</var>
<arg>checkin=${checkin}</arg>
<arg>checkout=${checkout}</arg>
<doc>Creates and returns a dictionary based on the given ``items``.</doc>
<status status="PASS" start="2024-12-26T16:40:47.926612" elapsed="0.000000"/>
</kw>
<kw name="Create Dictionary" owner="BuiltIn">
<msg time="2024-12-26T16:40:47.927612" level="INFO">${body} = {'firstname': 'Loay', 'lastname': 'Mamdouh', 'totalprice': '245', 'depositpaid': 'True', 'bookingdates': {'checkin': '6/16/2024', 'checkout': '8/1/2024'}, 'additionalneeds': 'Lanuch'}</msg>
<var>${body}</var>
<arg>firstname=${firstname}</arg>
<arg>lastname=${lastname}</arg>
<arg>totalprice=${totalprice}</arg>
<arg>depositpaid=${depositpaid}</arg>
<arg>bookingdates=${booking_dates}</arg>
<arg>additionalneeds=${additionalneeds}</arg>
<doc>Creates and returns a dictionary based on the given ``items``.</doc>
<status status="PASS" start="2024-12-26T16:40:47.927612" elapsed="0.000000"/>
</kw>
<kw name="Create Session" owner="RequestsLibrary">
<msg time="2024-12-26T16:40:47.927612" level="INFO">Creating Session using : alias=POST, url=https://restful-booker.herokuapp.com, headers={},                     cookies={}, auth=None, timeout=None, proxies=None, verify=False,                     debug=0 </msg>
<arg>POST</arg>
<arg>${restfulBooker_baseUrl}</arg>
<arg>disable_warnings=1</arg>
<doc>Create Session: create a HTTP session to a server</doc>
<status status="PASS" start="2024-12-26T16:40:47.927612" elapsed="0.000000"/>
</kw>
<kw name="POST On Session" owner="RequestsLibrary">
<msg time="2024-12-26T16:40:48.484395" level="INFO">POST Request : url=https://restful-booker.herokuapp.com/booking 
 path_url=/booking 
 headers={'User-Agent': 'python-requests/2.31.0', 'Accept-Encoding': 'gzip, deflate', 'Accept': '*/*', 'Connection': 'keep-alive', 'Content-Length': '183', 'Content-Type': 'application/json'} 
 body=b'{"firstname": "Loay", "lastname": "Mamdouh", "totalprice": "245", "depositpaid": "True", "bookingdates": {"checkin": "6/16/2024", "checkout": "8/1/2024"}, "additionalneeds": "Lanuch"}' 
 </msg>
<msg time="2024-12-26T16:40:48.484395" level="INFO">POST Response : url=https://restful-booker.herokuapp.com/booking 
 status=200, reason=OK 
 headers={'Server': 'Cowboy', 'Report-To': '{"group":"heroku-nel","max_age":3600,"endpoints":[{"url":"https://nel.heroku.com/reports?ts=1735224050&amp;sid=c46efe9b-d3d2-4a0c-8c76-bfafa16c5add&amp;s=Ls0pPX9TyktyuOtzNj5lMw1svuIQwrmDVGDOLKhXrWo%3D"}]}', 'Reporting-Endpoints': 'heroku-nel=https://nel.heroku.com/reports?ts=1735224050&amp;sid=c46efe9b-d3d2-4a0c-8c76-bfafa16c5add&amp;s=Ls0pPX9TyktyuOtzNj5lMw1svuIQwrmDVGDOLKhXrWo%3D', 'Nel': '{"report_to":"heroku-nel","max_age":3600,"success_fraction":0.005,"failure_fraction":0.05,"response_headers":["Via"]}', 'Connection': 'keep-alive', 'X-Powered-By': 'Express', 'Content-Type': 'application/json; charset=utf-8', 'Content-Length': '195', 'Etag': 'W/"c3-nMxfS74nDpfkO+Q83GGQ5WjBkEc"', 'Date': 'Thu, 26 Dec 2024 14:40:50 GMT', 'Via': '1.1 vegur'} 
 body={"bookingid":46,"booking":{"firstname":"Loay","lastname":"Mamdouh","totalprice":245,"depositpaid":true,"bookingdates":{"checkin":"2024-06-16","checkout":"2024-08-01"},"additionalneeds":"Lanuch"}} 
 </msg>
<msg time="2024-12-26T16:40:48.484395" level="INFO">${post_response} = &lt;Response [200]&gt;</msg>
<var>${post_response}</var>
<arg>POST</arg>
<arg>${Booking_ENDPOINT}</arg>
<arg>json=${body}</arg>
<doc>Sends a POST request on a previously created HTTP Session.</doc>
<status status="PASS" start="2024-12-26T16:40:47.927612" elapsed="0.556783"/>
</kw>
<kw name="Status Should Be" owner="RequestsLibrary">
<arg>200</arg>
<doc>Fails if response status code is different than the expected.</doc>
<status status="PASS" start="2024-12-26T16:40:48.485383" elapsed="0.000929"/>
</kw>
<kw name="Log To Console" owner="BuiltIn">
<arg>${post_response.content}</arg>
<doc>Logs the given message to the console.</doc>
<status status="PASS" start="2024-12-26T16:40:48.486312" elapsed="0.001080"/>
</kw>
<kw name="Convert To String" owner="BuiltIn">
<msg time="2024-12-26T16:40:48.487392" level="INFO">${res_body} = {"bookingid":46,"booking":{"firstname":"Loay","lastname":"Mamdouh","totalprice":245,"depositpaid":true,"bookingdates":{"checkin":"2024-06-16","checkout":"2024-08-01"},"additionalneeds":"Lanuch"}}</msg>
<var>${res_body}</var>
<arg>${post_response.content}</arg>
<doc>Converts the given item to a Unicode string.</doc>
<status status="PASS" start="2024-12-26T16:40:48.487392" elapsed="0.000000"/>
</kw>
<kw name="Should Contain" owner="BuiltIn">
<arg>${res_body}</arg>
<arg>id</arg>
<doc>Fails if ``container`` does not contain ``item`` one or more times.</doc>
<status status="PASS" start="2024-12-26T16:40:48.487392" elapsed="0.000000"/>
</kw>
<kw name="Log To Console" owner="BuiltIn">
<arg>${res_body}</arg>
<arg>id</arg>
<doc>Logs the given message to the console.</doc>
<status status="PASS" start="2024-12-26T16:40:48.487392" elapsed="0.000000"/>
</kw>
<arg>firstname=Loay</arg>
<arg>lastname=Mamdouh</arg>
<arg>totalprice=245</arg>
<arg>depositpaid=True</arg>
<arg>checkin=6/16/2024</arg>
<arg>checkout=8/1/2024</arg>
<arg>additionalneeds=Lanuch</arg>
<status status="PASS" start="2024-12-26T16:40:47.926612" elapsed="0.560780"/>
</kw>
<status status="PASS" start="2024-12-26T16:40:47.925614" elapsed="0.563386"/>
</test>
<test id="s1-s1-t3" name="Create Booking With CSV using firstname: Ahmed ,lastname: Ali , totalprice: 700 , depositpaid: True , checkin: 30/1/2011 , checkout: 15/2/20101 and additionalneeds: true" line="8">
<kw name="Create Booking using Data Driven">
<kw name="Create Dictionary" owner="BuiltIn">
<msg time="2024-12-26T16:40:48.490097" level="INFO">${booking_dates} = {'checkin': '30/1/2011', 'checkout': '15/2/20101'}</msg>
<var>${booking_dates}</var>
<arg>checkin=${checkin}</arg>
<arg>checkout=${checkout}</arg>
<doc>Creates and returns a dictionary based on the given ``items``.</doc>
<status status="PASS" start="2024-12-26T16:40:48.490097" elapsed="0.000000"/>
</kw>
<kw name="Create Dictionary" owner="BuiltIn">
<msg time="2024-12-26T16:40:48.490097" level="INFO">${body} = {'firstname': 'Ahmed', 'lastname': 'Ali', 'totalprice': '700', 'depositpaid': 'True', 'bookingdates': {'checkin': '30/1/2011', 'checkout': '15/2/20101'}, 'additionalneeds': 'true'}</msg>
<var>${body}</var>
<arg>firstname=${firstname}</arg>
<arg>lastname=${lastname}</arg>
<arg>totalprice=${totalprice}</arg>
<arg>depositpaid=${depositpaid}</arg>
<arg>bookingdates=${booking_dates}</arg>
<arg>additionalneeds=${additionalneeds}</arg>
<doc>Creates and returns a dictionary based on the given ``items``.</doc>
<status status="PASS" start="2024-12-26T16:40:48.490097" elapsed="0.000000"/>
</kw>
<kw name="Create Session" owner="RequestsLibrary">
<msg time="2024-12-26T16:40:48.491104" level="INFO">Creating Session using : alias=POST, url=https://restful-booker.herokuapp.com, headers={},                     cookies={}, auth=None, timeout=None, proxies=None, verify=False,                     debug=0 </msg>
<arg>POST</arg>
<arg>${restfulBooker_baseUrl}</arg>
<arg>disable_warnings=1</arg>
<doc>Create Session: create a HTTP session to a server</doc>
<status status="PASS" start="2024-12-26T16:40:48.490097" elapsed="0.001007"/>
</kw>
<kw name="POST On Session" owner="RequestsLibrary">
<msg time="2024-12-26T16:40:49.080090" level="INFO">POST Request : url=https://restful-booker.herokuapp.com/booking 
 path_url=/booking 
 headers={'User-Agent': 'python-requests/2.31.0', 'Accept-Encoding': 'gzip, deflate', 'Accept': '*/*', 'Connection': 'keep-alive', 'Content-Length': '180', 'Content-Type': 'application/json'} 
 body=b'{"firstname": "Ahmed", "lastname": "Ali", "totalprice": "700", "depositpaid": "True", "bookingdates": {"checkin": "30/1/2011", "checkout": "15/2/20101"}, "additionalneeds": "true"}' 
 </msg>
<msg time="2024-12-26T16:40:49.080090" level="INFO">POST Response : url=https://restful-booker.herokuapp.com/booking 
 status=200, reason=OK 
 headers={'Server': 'Cowboy', 'Report-To': '{"group":"heroku-nel","max_age":3600,"endpoints":[{"url":"https://nel.heroku.com/reports?ts=1735224051&amp;sid=c46efe9b-d3d2-4a0c-8c76-bfafa16c5add&amp;s=ZeoXbIR4zYQoVy4ouTYnu2B3IRFK0Jcm2oKR6KXLYdY%3D"}]}', 'Reporting-Endpoints': 'heroku-nel=https://nel.heroku.com/reports?ts=1735224051&amp;sid=c46efe9b-d3d2-4a0c-8c76-bfafa16c5add&amp;s=ZeoXbIR4zYQoVy4ouTYnu2B3IRFK0Jcm2oKR6KXLYdY%3D', 'Nel': '{"report_to":"heroku-nel","max_age":3600,"success_fraction":0.005,"failure_fraction":0.05,"response_headers":["Via"]}', 'Connection': 'keep-alive', 'X-Powered-By': 'Express', 'Content-Type': 'application/json; charset=utf-8', 'Content-Length': '190', 'Etag': 'W/"be-pPeqCn97LX3qRD+B8hGFxTft3JQ"', 'Date': 'Thu, 26 Dec 2024 14:40:51 GMT', 'Via': '1.1 vegur'} 
 body={"bookingid":48,"booking":{"firstname":"Ahmed","lastname":"Ali","totalprice":700,"depositpaid":true,"bookingdates":{"checkin":"0NaN-aN-aN","checkout":"0NaN-aN-aN"},"additionalneeds":"true"}} 
 </msg>
<msg time="2024-12-26T16:40:49.080090" level="INFO">${post_response} = &lt;Response [200]&gt;</msg>
<var>${post_response}</var>
<arg>POST</arg>
<arg>${Booking_ENDPOINT}</arg>
<arg>json=${body}</arg>
<doc>Sends a POST request on a previously created HTTP Session.</doc>
<status status="PASS" start="2024-12-26T16:40:48.491104" elapsed="0.588986"/>
</kw>
<kw name="Status Should Be" owner="RequestsLibrary">
<arg>200</arg>
<doc>Fails if response status code is different than the expected.</doc>
<status status="PASS" start="2024-12-26T16:40:49.080090" elapsed="0.000997"/>
</kw>
<kw name="Log To Console" owner="BuiltIn">
<arg>${post_response.content}</arg>
<doc>Logs the given message to the console.</doc>
<status status="PASS" start="2024-12-26T16:40:49.081087" elapsed="0.000994"/>
</kw>
<kw name="Convert To String" owner="BuiltIn">
<msg time="2024-12-26T16:40:49.084086" level="INFO">${res_body} = {"bookingid":48,"booking":{"firstname":"Ahmed","lastname":"Ali","totalprice":700,"depositpaid":true,"bookingdates":{"checkin":"0NaN-aN-aN","checkout":"0NaN-aN-aN"},"additionalneeds":"true"}}</msg>
<var>${res_body}</var>
<arg>${post_response.content}</arg>
<doc>Converts the given item to a Unicode string.</doc>
<status status="PASS" start="2024-12-26T16:40:49.083083" elapsed="0.001003"/>
</kw>
<kw name="Should Contain" owner="BuiltIn">
<arg>${res_body}</arg>
<arg>id</arg>
<doc>Fails if ``container`` does not contain ``item`` one or more times.</doc>
<status status="PASS" start="2024-12-26T16:40:49.084086" elapsed="0.000000"/>
</kw>
<kw name="Log To Console" owner="BuiltIn">
<arg>${res_body}</arg>
<arg>id</arg>
<doc>Logs the given message to the console.</doc>
<status status="PASS" start="2024-12-26T16:40:49.084086" elapsed="0.001013"/>
</kw>
<arg>firstname=Ahmed</arg>
<arg>lastname=Ali</arg>
<arg>totalprice=700</arg>
<arg>depositpaid=True</arg>
<arg>checkin=30/1/2011</arg>
<arg>checkout=15/2/20101</arg>
<arg>additionalneeds=true</arg>
<status status="PASS" start="2024-12-26T16:40:48.490097" elapsed="0.595002"/>
</kw>
<status status="PASS" start="2024-12-26T16:40:48.489000" elapsed="0.596099"/>
</test>
<status status="PASS" start="2024-12-26T16:40:47.195678" elapsed="1.890025"/>
</suite>
<status status="PASS" start="2024-12-26T16:40:47.185665" elapsed="1.900038"/>
</suite>
<statistics>
<total>
<stat pass="3" fail="0" skip="0">All Tests</stat>
</total>
<tag>
</tag>
<suite>
<stat pass="3" fail="0" skip="0" id="s1" name="Suites">Suites</stat>
<stat pass="3" fail="0" skip="0" id="s1-s1" name="DataDrivn RestfulBooking-CSV">Suites.DataDrivn RestfulBooking-CSV</stat>
</suite>
</statistics>
<errors>
<msg time="2024-12-26T16:40:47.199677" level="WARN">Error in file 'C:\Users\DELL\Documents\Automation\Robot-Framework\Projects\Final-Good practices\RobotFramework\STCS_APITestingUsingRF\Resources\Keywords\RestfulBookingKeywords.robot' on line 15: The '[Return]' setting is deprecated. Use the 'RETURN' statement instead.</msg>
<msg time="2024-12-26T16:40:47.199677" level="WARN">Error in file 'C:\Users\DELL\Documents\Automation\Robot-Framework\Projects\Final-Good practices\RobotFramework\STCS_APITestingUsingRF\Resources\Keywords\RestfulBookingKeywords.robot' on line 50: The '[Return]' setting is deprecated. Use the 'RETURN' statement instead.</msg>
<msg time="2024-12-26T16:40:47.200678" level="WARN">Error in file 'C:\Users\DELL\Documents\Automation\Robot-Framework\Projects\Final-Good practices\RobotFramework\STCS_APITestingUsingRF\Resources\Keywords\RestfulBookingKeywords.robot' on line 78: The '[Return]' setting is deprecated. Use the 'RETURN' statement instead.</msg>
</errors>
</robot>
