<?xml version="1.0" encoding="UTF-8"?>
<robot generator="Robot 7.1.1 (Python 3.12.3 on win32)" generated="2024-12-26T16:40:40.404766" rpa="false" schemaversion="5">
<suite id="s1" name="Suites">
<suite id="s1-s1" name="RestfulBookingSuite" source="C:\Users\DELL\Documents\Automation\Robot-Framework\Projects\Final-Good practices\RobotFramework\STCS_APITestingUsingRF\Tests\RestfulBookingSuite.robot">
<test id="s1-s1-t1" name="TC1 - Booking - Get All Booking IDs" line="5">
<kw name="Get all Bookings" owner="RestfulBookingKeywords">
<kw name="Create Session" owner="RequestsLibrary">
<msg time="2024-12-26T16:40:40.588840" level="INFO">Creating Session using : alias=getBookingSession, url=https://restful-booker.herokuapp.com, headers={},                     cookies={}, auth=None, timeout=None, proxies=None, verify=True,                     debug=0 </msg>
<arg>getBookingSession</arg>
<arg>${restfulBooker_baseUrl}</arg>
<arg>verify=true</arg>
<doc>Create Session: create a HTTP session to a server</doc>
<status status="PASS" start="2024-12-26T16:40:40.588840" elapsed="0.000000"/>
</kw>
<kw name="GET On Session" owner="RequestsLibrary">
<msg time="2024-12-26T16:40:44.536925" level="INFO">GET Request : url=https://restful-booker.herokuapp.com/booking 
 path_url=/booking 
 headers={'User-Agent': 'python-requests/2.31.0', 'Accept-Encoding': 'gzip, deflate', 'Accept': '*/*', 'Connection': 'keep-alive'} 
 body=None 
 </msg>
<msg time="2024-12-26T16:40:44.536925" level="INFO">GET Response : url=https://restful-booker.herokuapp.com/booking 
 status=200, reason=OK 
 headers={'Server': 'Cowboy', 'Report-To': '{"group":"heroku-nel","max_age":3600,"endpoints":[{"url":"https://nel.heroku.com/reports?ts=1735224043&amp;sid=c46efe9b-d3d2-4a0c-8c76-bfafa16c5add&amp;s=hlxh7VZwN9RqKrP0w5lw9%2BPp4d%2BWunCdi67%2Bstzwr5s%3D"}]}', 'Reporting-Endpoints': 'heroku-nel=https://nel.heroku.com/reports?ts=1735224043&amp;sid=c46efe9b-d3d2-4a0c-8c76-bfafa16c5add&amp;s=hlxh7VZwN9RqKrP0w5lw9%2BPp4d%2BWunCdi67%2Bstzwr5s%3D', 'Nel': '{"report_to":"heroku-nel","max_age":3600,"success_fraction":0.005,"failure_fraction":0.05,"response_headers":["Via"]}', 'Connection': 'keep-alive', 'X-Powered-By': 'Express', 'Content-Type': 'application/json; charset=utf-8', 'Content-Length': '196', 'Etag': 'W/"c4-oo6SMGfsqDmbNY4eVZj7ycQb3r0"', 'Date': 'Thu, 26 Dec 2024 14:40:47 GMT', 'Via': '1.1 vegur'} 
 body=[{"bookingid":7},{"bookingid":8},{"bookingid":3},{"bookingid":6},{"bookingid":9},{"bookingid":5},{"bookingid":10},{"bookingid":1},{"bookingid":12},{"bookingid":2},{"bookingid":4},{"bookingid":11}] 
 </msg>
<msg time="2024-12-26T16:40:44.536925" level="INFO">${response} = &lt;Response [200]&gt;</msg>
<var>${response}</var>
<arg>getBookingSession</arg>
<arg>${Booking_ENDPOINT}</arg>
<doc>Sends a GET request on a previously created HTTP Session.</doc>
<status status="PASS" start="2024-12-26T16:40:40.588840" elapsed="3.948085"/>
</kw>
<kw name="Convert To String" owner="BuiltIn">
<msg time="2024-12-26T16:40:44.539005" level="INFO">${status_code} = 200</msg>
<var>${status_code}</var>
<arg>${response.status_code}</arg>
<doc>Converts the given item to a Unicode string.</doc>
<status status="PASS" start="2024-12-26T16:40:44.537980" elapsed="0.001025"/>
</kw>
<kw name="Should Be Equal" owner="BuiltIn">
<arg>${status_code}</arg>
<arg>200</arg>
<doc>Fails if the given objects are unequal.</doc>
<status status="PASS" start="2024-12-26T16:40:44.539005" elapsed="0.001004"/>
</kw>
<kw name="Convert To String" owner="BuiltIn">
<msg time="2024-12-26T16:40:44.541013" level="INFO">${res_body} = [{"bookingid":7},{"bookingid":8},{"bookingid":3},{"bookingid":6},{"bookingid":9},{"bookingid":5},{"bookingid":10},{"bookingid":1},{"bookingid":12},{"bookingid":2},{"bookingid":4},{"bookingid":11}]</msg>
<var>${res_body}</var>
<arg>${response.content}</arg>
<doc>Converts the given item to a Unicode string.</doc>
<status status="PASS" start="2024-12-26T16:40:44.540009" elapsed="0.001004"/>
</kw>
<kw name="Should Contain" owner="BuiltIn">
<arg>${res_body}</arg>
<arg>bookingid</arg>
<doc>Fails if ``container`` does not contain ``item`` one or more times.</doc>
<status status="PASS" start="2024-12-26T16:40:44.541013" elapsed="0.000000"/>
</kw>
<status status="PASS" start="2024-12-26T16:40:40.587839" elapsed="3.953174"/>
</kw>
<status status="PASS" start="2024-12-26T16:40:40.587839" elapsed="3.954175"/>
</test>
<test id="s1-s1-t2" name="TC2 - Booking - Get Booking Data By Specific Booking ID" line="8">
<kw name="Create Booking" owner="RestfulBookingKeywords">
<kw name="Create Dictionary" owner="BuiltIn">
<msg time="2024-12-26T16:40:44.548971" level="INFO">${booking_dates} = {'checkin': '2024-03-14', 'checkout': '2024-05-01'}</msg>
<var>${booking_dates}</var>
<arg>checkin=2024-03-14</arg>
<arg>checkout=2024-05-01</arg>
<doc>Creates and returns a dictionary based on the given ``items``.</doc>
<status status="PASS" start="2024-12-26T16:40:44.547857" elapsed="0.001114"/>
</kw>
<kw name="Create Dictionary" owner="BuiltIn">
<msg time="2024-12-26T16:40:44.548971" level="INFO">${body} = {'firstname': 'Omar', 'lastname': 'Salam', 'totalprice': '3434', 'depositpaid': 'false', 'bookingdates': {'checkin': '2024-03-14', 'checkout': '2024-05-01'}, 'additionalneeds': 'Dinner'}</msg>
<var>${body}</var>
<arg>firstname=Omar</arg>
<arg>lastname=Salam</arg>
<arg>totalprice=3434</arg>
<arg>depositpaid=false</arg>
<arg>bookingdates=${booking_dates}</arg>
<arg>additionalneeds=Dinner</arg>
<doc>Creates and returns a dictionary based on the given ``items``.</doc>
<status status="PASS" start="2024-12-26T16:40:44.548971" elapsed="0.000000"/>
</kw>
<kw name="Create Session" owner="RequestsLibrary">
<msg time="2024-12-26T16:40:44.548971" level="INFO">Creating Session using : alias=POST, url=https://restful-booker.herokuapp.com, headers={},                     cookies={}, auth=None, timeout=None, proxies=None, verify=False,                     debug=0 </msg>
<arg>POST</arg>
<arg>${restfulBooker_baseUrl}</arg>
<arg>disable_warnings=1</arg>
<doc>Create Session: create a HTTP session to a server</doc>
<status status="PASS" start="2024-12-26T16:40:44.548971" elapsed="0.000000"/>
</kw>
<kw name="POST On Session" owner="RequestsLibrary">
<msg time="2024-12-26T16:40:45.120285" level="INFO">POST Request : url=https://restful-booker.herokuapp.com/booking 
 path_url=/booking 
 headers={'User-Agent': 'python-requests/2.31.0', 'Accept-Encoding': 'gzip, deflate', 'Accept': '*/*', 'Connection': 'keep-alive', 'Content-Length': '186', 'Content-Type': 'application/json'} 
 body=b'{"firstname": "Omar", "lastname": "Salam", "totalprice": "3434", "depositpaid": "false", "bookingdates": {"checkin": "2024-03-14", "checkout": "2024-05-01"}, "additionalneeds": "Dinner"}' 
 </msg>
<msg time="2024-12-26T16:40:45.120285" level="INFO">POST Response : url=https://restful-booker.herokuapp.com/booking 
 status=200, reason=OK 
 headers={'Server': 'Cowboy', 'Report-To': '{"group":"heroku-nel","max_age":3600,"endpoints":[{"url":"https://nel.heroku.com/reports?ts=1735224047&amp;sid=c46efe9b-d3d2-4a0c-8c76-bfafa16c5add&amp;s=ttI407osamfLH4eRkRJaKuVrYJe%2Bg9wQdnwjlElcIsI%3D"}]}', 'Reporting-Endpoints': 'heroku-nel=https://nel.heroku.com/reports?ts=1735224047&amp;sid=c46efe9b-d3d2-4a0c-8c76-bfafa16c5add&amp;s=ttI407osamfLH4eRkRJaKuVrYJe%2Bg9wQdnwjlElcIsI%3D', 'Nel': '{"report_to":"heroku-nel","max_age":3600,"success_fraction":0.005,"failure_fraction":0.05,"response_headers":["Via"]}', 'Connection': 'keep-alive', 'X-Powered-By': 'Express', 'Content-Type': 'application/json; charset=utf-8', 'Content-Length': '194', 'Etag': 'W/"c2-q6DskBHYK39SY4kT5IKrKmk2ZTw"', 'Date': 'Thu, 26 Dec 2024 14:40:47 GMT', 'Via': '1.1 vegur'} 
 body={"bookingid":14,"booking":{"firstname":"Omar","lastname":"Salam","totalprice":3434,"depositpaid":true,"bookingdates":{"checkin":"2024-03-14","checkout":"2024-05-01"},"additionalneeds":"Dinner"}} 
 </msg>
<msg time="2024-12-26T16:40:45.120285" level="INFO">${post_response} = &lt;Response [200]&gt;</msg>
<var>${post_response}</var>
<arg>POST</arg>
<arg>${Booking_ENDPOINT}</arg>
<arg>json=${body}</arg>
<doc>Sends a POST request on a previously created HTTP Session.</doc>
<status status="PASS" start="2024-12-26T16:40:44.548971" elapsed="0.571314"/>
</kw>
<kw name="Status Should Be" owner="RequestsLibrary">
<arg>200</arg>
<doc>Fails if response status code is different than the expected.</doc>
<status status="PASS" start="2024-12-26T16:40:45.120285" elapsed="0.002007"/>
</kw>
<kw name="Set Variable" owner="BuiltIn">
<msg time="2024-12-26T16:40:45.122292" level="INFO">${booking_Id} = 14</msg>
<var>${booking_Id}</var>
<arg>${post_response.json()}[bookingid]</arg>
<doc>Returns the given values which can then be assigned to a variables.</doc>
<status status="PASS" start="2024-12-26T16:40:45.122292" elapsed="0.000000"/>
</kw>
<kw name="Log" owner="BuiltIn">
<msg time="2024-12-26T16:40:45.122292" level="INFO">Posted BookingID value is: 14</msg>
<arg>Posted BookingID value is: ${booking_Id}</arg>
<doc>Logs the given message with the given level.</doc>
<status status="PASS" start="2024-12-26T16:40:45.122292" elapsed="0.000000"/>
</kw>
<return>
<value>${booking_Id}</value>
<status status="PASS" start="2024-12-26T16:40:45.122292" elapsed="0.000000"/>
</return>
<msg time="2024-12-26T16:40:45.123284" level="INFO">${booking_Id} = 14</msg>
<var>${booking_Id}</var>
<status status="PASS" start="2024-12-26T16:40:44.547857" elapsed="0.575427"/>
</kw>
<kw name="Get Booking Data By Specific ID" owner="RestfulBookingKeywords">
<kw name="Create Session" owner="RequestsLibrary">
<msg time="2024-12-26T16:40:45.123284" level="INFO">Creating Session using : alias=getBookingByIdSession, url=https://restful-booker.herokuapp.com, headers={},                     cookies={}, auth=None, timeout=None, proxies=None, verify=True,                     debug=0 </msg>
<arg>getBookingByIdSession</arg>
<arg>${restfulBooker_baseUrl}</arg>
<arg>verify=true</arg>
<doc>Create Session: create a HTTP session to a server</doc>
<status status="PASS" start="2024-12-26T16:40:45.123284" elapsed="0.000000"/>
</kw>
<kw name="Create Dictionary" owner="BuiltIn">
<msg time="2024-12-26T16:40:45.123284" level="INFO">${header} = {'Accept': 'application/json'}</msg>
<var>${header}</var>
<arg>Accept=application/json</arg>
<doc>Creates and returns a dictionary based on the given ``items``.</doc>
<status status="PASS" start="2024-12-26T16:40:45.123284" elapsed="0.000000"/>
</kw>
<kw name="GET On Session" owner="RequestsLibrary">
<msg time="2024-12-26T16:40:45.874471" level="INFO">GET Request : url=https://restful-booker.herokuapp.com/booking/14 
 path_url=/booking/14 
 headers={'User-Agent': 'python-requests/2.31.0', 'Accept-Encoding': 'gzip, deflate', 'Accept': 'application/json', 'Connection': 'keep-alive'} 
 body=None 
 </msg>
<msg time="2024-12-26T16:40:45.874471" level="INFO">GET Response : url=https://restful-booker.herokuapp.com/booking/14 
 status=200, reason=OK 
 headers={'Server': 'Cowboy', 'Report-To': '{"group":"heroku-nel","max_age":3600,"endpoints":[{"url":"https://nel.heroku.com/reports?ts=1735224048&amp;sid=c46efe9b-d3d2-4a0c-8c76-bfafa16c5add&amp;s=QsBci5%2FsSw9lMqlB5pPySX3Dv09tb2iz6SeXQZ3kehs%3D"}]}', 'Reporting-Endpoints': 'heroku-nel=https://nel.heroku.com/reports?ts=1735224048&amp;sid=c46efe9b-d3d2-4a0c-8c76-bfafa16c5add&amp;s=QsBci5%2FsSw9lMqlB5pPySX3Dv09tb2iz6SeXQZ3kehs%3D', 'Nel': '{"report_to":"heroku-nel","max_age":3600,"success_fraction":0.005,"failure_fraction":0.05,"response_headers":["Via"]}', 'Connection': 'keep-alive', 'X-Powered-By': 'Express', 'Content-Type': 'application/json; charset=utf-8', 'Content-Length': '167', 'Etag': 'W/"a7-habsOeszCnTc97eUUTOdC2cPRcI"', 'Date': 'Thu, 26 Dec 2024 14:40:48 GMT', 'Via': '1.1 vegur'} 
 body={"firstname":"Omar","lastname":"Salam","totalprice":3434,"depositpaid":true,"bookingdates":{"checkin":"2024-03-14","checkout":"2024-05-01"},"additionalneeds":"Dinner"} 
 </msg>
<msg time="2024-12-26T16:40:45.874471" level="INFO">${get_response} = &lt;Response [200]&gt;</msg>
<var>${get_response}</var>
<arg>getBookingByIdSession</arg>
<arg>${Booking_ENDPOINT}/${id}</arg>
<arg>headers=${header}</arg>
<arg>expected_status=200</arg>
<doc>Sends a GET request on a previously created HTTP Session.</doc>
<status status="PASS" start="2024-12-26T16:40:45.123284" elapsed="0.751187"/>
</kw>
<kw name="Log" owner="BuiltIn">
<msg time="2024-12-26T16:40:45.875984" level="INFO">Successful getting data by posted booking id is: 14</msg>
<arg>Successful getting data by posted booking id is: ${id}</arg>
<doc>Logs the given message with the given level.</doc>
<status status="PASS" start="2024-12-26T16:40:45.874471" elapsed="0.001513"/>
</kw>
<arg>${booking_Id}</arg>
<status status="PASS" start="2024-12-26T16:40:45.123284" elapsed="0.752700"/>
</kw>
<status status="PASS" start="2024-12-26T16:40:44.542014" elapsed="1.333970"/>
</test>
<test id="s1-s1-t3" name="TC3 - Delete Booking by passing booking ID" line="12">
<kw name="Create Booking" owner="RestfulBookingKeywords">
<kw name="Create Dictionary" owner="BuiltIn">
<msg time="2024-12-26T16:40:45.878008" level="INFO">${booking_dates} = {'checkin': '2024-03-14', 'checkout': '2024-05-01'}</msg>
<var>${booking_dates}</var>
<arg>checkin=2024-03-14</arg>
<arg>checkout=2024-05-01</arg>
<doc>Creates and returns a dictionary based on the given ``items``.</doc>
<status status="PASS" start="2024-12-26T16:40:45.878008" elapsed="0.000000"/>
</kw>
<kw name="Create Dictionary" owner="BuiltIn">
<msg time="2024-12-26T16:40:45.878008" level="INFO">${body} = {'firstname': 'Omar', 'lastname': 'Salam', 'totalprice': '3434', 'depositpaid': 'false', 'bookingdates': {'checkin': '2024-03-14', 'checkout': '2024-05-01'}, 'additionalneeds': 'Dinner'}</msg>
<var>${body}</var>
<arg>firstname=Omar</arg>
<arg>lastname=Salam</arg>
<arg>totalprice=3434</arg>
<arg>depositpaid=false</arg>
<arg>bookingdates=${booking_dates}</arg>
<arg>additionalneeds=Dinner</arg>
<doc>Creates and returns a dictionary based on the given ``items``.</doc>
<status status="PASS" start="2024-12-26T16:40:45.878008" elapsed="0.000000"/>
</kw>
<kw name="Create Session" owner="RequestsLibrary">
<msg time="2024-12-26T16:40:45.878993" level="INFO">Creating Session using : alias=POST, url=https://restful-booker.herokuapp.com, headers={},                     cookies={}, auth=None, timeout=None, proxies=None, verify=False,                     debug=0 </msg>
<arg>POST</arg>
<arg>${restfulBooker_baseUrl}</arg>
<arg>disable_warnings=1</arg>
<doc>Create Session: create a HTTP session to a server</doc>
<status status="PASS" start="2024-12-26T16:40:45.878008" elapsed="0.000985"/>
</kw>
<kw name="POST On Session" owner="RequestsLibrary">
<msg time="2024-12-26T16:40:46.451147" level="INFO">POST Request : url=https://restful-booker.herokuapp.com/booking 
 path_url=/booking 
 headers={'User-Agent': 'python-requests/2.31.0', 'Accept-Encoding': 'gzip, deflate', 'Accept': '*/*', 'Connection': 'keep-alive', 'Content-Length': '186', 'Content-Type': 'application/json'} 
 body=b'{"firstname": "Omar", "lastname": "Salam", "totalprice": "3434", "depositpaid": "false", "bookingdates": {"checkin": "2024-03-14", "checkout": "2024-05-01"}, "additionalneeds": "Dinner"}' 
 </msg>
<msg time="2024-12-26T16:40:46.451147" level="INFO">POST Response : url=https://restful-booker.herokuapp.com/booking 
 status=200, reason=OK 
 headers={'Server': 'Cowboy', 'Report-To': '{"group":"heroku-nel","max_age":3600,"endpoints":[{"url":"https://nel.heroku.com/reports?ts=1735224048&amp;sid=c46efe9b-d3d2-4a0c-8c76-bfafa16c5add&amp;s=QsBci5%2FsSw9lMqlB5pPySX3Dv09tb2iz6SeXQZ3kehs%3D"}]}', 'Reporting-Endpoints': 'heroku-nel=https://nel.heroku.com/reports?ts=1735224048&amp;sid=c46efe9b-d3d2-4a0c-8c76-bfafa16c5add&amp;s=QsBci5%2FsSw9lMqlB5pPySX3Dv09tb2iz6SeXQZ3kehs%3D', 'Nel': '{"report_to":"heroku-nel","max_age":3600,"success_fraction":0.005,"failure_fraction":0.05,"response_headers":["Via"]}', 'Connection': 'keep-alive', 'X-Powered-By': 'Express', 'Content-Type': 'application/json; charset=utf-8', 'Content-Length': '194', 'Etag': 'W/"c2-j4bnYeQZ8lkYdbXKyvoOm4J5cvg"', 'Date': 'Thu, 26 Dec 2024 14:40:48 GMT', 'Via': '1.1 vegur'} 
 body={"bookingid":27,"booking":{"firstname":"Omar","lastname":"Salam","totalprice":3434,"depositpaid":true,"bookingdates":{"checkin":"2024-03-14","checkout":"2024-05-01"},"additionalneeds":"Dinner"}} 
 </msg>
<msg time="2024-12-26T16:40:46.451147" level="INFO">${post_response} = &lt;Response [200]&gt;</msg>
<var>${post_response}</var>
<arg>POST</arg>
<arg>${Booking_ENDPOINT}</arg>
<arg>json=${body}</arg>
<doc>Sends a POST request on a previously created HTTP Session.</doc>
<status status="PASS" start="2024-12-26T16:40:45.878993" elapsed="0.572154"/>
</kw>
<kw name="Status Should Be" owner="RequestsLibrary">
<arg>200</arg>
<doc>Fails if response status code is different than the expected.</doc>
<status status="PASS" start="2024-12-26T16:40:46.452188" elapsed="0.000000"/>
</kw>
<kw name="Set Variable" owner="BuiltIn">
<msg time="2024-12-26T16:40:46.453156" level="INFO">${booking_Id} = 27</msg>
<var>${booking_Id}</var>
<arg>${post_response.json()}[bookingid]</arg>
<doc>Returns the given values which can then be assigned to a variables.</doc>
<status status="PASS" start="2024-12-26T16:40:46.452188" elapsed="0.000968"/>
</kw>
<kw name="Log" owner="BuiltIn">
<msg time="2024-12-26T16:40:46.453156" level="INFO">Posted BookingID value is: 27</msg>
<arg>Posted BookingID value is: ${booking_Id}</arg>
<doc>Logs the given message with the given level.</doc>
<status status="PASS" start="2024-12-26T16:40:46.453156" elapsed="0.000000"/>
</kw>
<return>
<value>${booking_Id}</value>
<status status="PASS" start="2024-12-26T16:40:46.453156" elapsed="0.000000"/>
</return>
<msg time="2024-12-26T16:40:46.454243" level="INFO">${booking_Id} = 27</msg>
<var>${booking_Id}</var>
<status status="PASS" start="2024-12-26T16:40:45.878008" elapsed="0.576235"/>
</kw>
<kw name="Get Booking Data By Specific ID" owner="RestfulBookingKeywords">
<kw name="Create Session" owner="RequestsLibrary">
<msg time="2024-12-26T16:40:46.454243" level="INFO">Creating Session using : alias=getBookingByIdSession, url=https://restful-booker.herokuapp.com, headers={},                     cookies={}, auth=None, timeout=None, proxies=None, verify=True,                     debug=0 </msg>
<arg>getBookingByIdSession</arg>
<arg>${restfulBooker_baseUrl}</arg>
<arg>verify=true</arg>
<doc>Create Session: create a HTTP session to a server</doc>
<status status="PASS" start="2024-12-26T16:40:46.454243" elapsed="0.001004"/>
</kw>
<kw name="Create Dictionary" owner="BuiltIn">
<msg time="2024-12-26T16:40:46.455247" level="INFO">${header} = {'Accept': 'application/json'}</msg>
<var>${header}</var>
<arg>Accept=application/json</arg>
<doc>Creates and returns a dictionary based on the given ``items``.</doc>
<status status="PASS" start="2024-12-26T16:40:46.455247" elapsed="0.000000"/>
</kw>
<kw name="GET On Session" owner="RequestsLibrary">
<msg time="2024-12-26T16:40:47.209679" level="INFO">GET Request : url=https://restful-booker.herokuapp.com/booking/27 
 path_url=/booking/27 
 headers={'User-Agent': 'python-requests/2.31.0', 'Accept-Encoding': 'gzip, deflate', 'Accept': 'application/json', 'Connection': 'keep-alive'} 
 body=None 
 </msg>
<msg time="2024-12-26T16:40:47.209679" level="INFO">GET Response : url=https://restful-booker.herokuapp.com/booking/27 
 status=200, reason=OK 
 headers={'Server': 'Cowboy', 'Report-To': '{"group":"heroku-nel","max_age":3600,"endpoints":[{"url":"https://nel.heroku.com/reports?ts=1735224049&amp;sid=c46efe9b-d3d2-4a0c-8c76-bfafa16c5add&amp;s=9NiuMq6wbs7ES0jb964lPa%2BLzvkn0SF9hQueiz5lLT8%3D"}]}', 'Reporting-Endpoints': 'heroku-nel=https://nel.heroku.com/reports?ts=1735224049&amp;sid=c46efe9b-d3d2-4a0c-8c76-bfafa16c5add&amp;s=9NiuMq6wbs7ES0jb964lPa%2BLzvkn0SF9hQueiz5lLT8%3D', 'Nel': '{"report_to":"heroku-nel","max_age":3600,"success_fraction":0.005,"failure_fraction":0.05,"response_headers":["Via"]}', 'Connection': 'keep-alive', 'X-Powered-By': 'Express', 'Content-Type': 'application/json; charset=utf-8', 'Content-Length': '167', 'Etag': 'W/"a7-habsOeszCnTc97eUUTOdC2cPRcI"', 'Date': 'Thu, 26 Dec 2024 14:40:49 GMT', 'Via': '1.1 vegur'} 
 body={"firstname":"Omar","lastname":"Salam","totalprice":3434,"depositpaid":true,"bookingdates":{"checkin":"2024-03-14","checkout":"2024-05-01"},"additionalneeds":"Dinner"} 
 </msg>
<msg time="2024-12-26T16:40:47.210685" level="INFO">${get_response} = &lt;Response [200]&gt;</msg>
<var>${get_response}</var>
<arg>getBookingByIdSession</arg>
<arg>${Booking_ENDPOINT}/${id}</arg>
<arg>headers=${header}</arg>
<arg>expected_status=200</arg>
<doc>Sends a GET request on a previously created HTTP Session.</doc>
<status status="PASS" start="2024-12-26T16:40:46.455247" elapsed="0.755438"/>
</kw>
<kw name="Log" owner="BuiltIn">
<msg time="2024-12-26T16:40:47.210685" level="INFO">Successful getting data by posted booking id is: 27</msg>
<arg>Successful getting data by posted booking id is: ${id}</arg>
<doc>Logs the given message with the given level.</doc>
<status status="PASS" start="2024-12-26T16:40:47.210685" elapsed="0.000000"/>
</kw>
<arg>${booking_Id}</arg>
<status status="PASS" start="2024-12-26T16:40:46.454243" elapsed="0.756442"/>
</kw>
<kw name="Delete Booking" owner="RestfulBookingKeywords">
<kw name="Get token" owner="RestfulBookingKeywords">
<kw name="Create Dictionary" owner="BuiltIn">
<msg time="2024-12-26T16:40:47.211686" level="INFO">${body} = {'username': 'admin', 'password': 'password123'}</msg>
<var>${body}</var>
<arg>username=admin</arg>
<arg>password=password123</arg>
<doc>Creates and returns a dictionary based on the given ``items``.</doc>
<status status="PASS" start="2024-12-26T16:40:47.210685" elapsed="0.001001"/>
</kw>
<kw name="POST" owner="RequestsLibrary">
<msg time="2024-12-26T16:40:47.929613" level="INFO">POST Request : url=https://restful-booker.herokuapp.com/auth 
 path_url=/auth 
 headers={'User-Agent': 'python-requests/2.31.0', 'Accept-Encoding': 'gzip, deflate', 'Accept': '*/*', 'Connection': 'keep-alive', 'Content-Length': '48', 'Content-Type': 'application/json'} 
 body=b'{"username": "admin", "password": "password123"}' 
 </msg>
<msg time="2024-12-26T16:40:47.929613" level="INFO">POST Response : url=https://restful-booker.herokuapp.com/auth 
 status=200, reason=OK 
 headers={'Server': 'Cowboy', 'Report-To': '{"group":"heroku-nel","max_age":3600,"endpoints":[{"url":"https://nel.heroku.com/reports?ts=1735224050&amp;sid=c46efe9b-d3d2-4a0c-8c76-bfafa16c5add&amp;s=Ls0pPX9TyktyuOtzNj5lMw1svuIQwrmDVGDOLKhXrWo%3D"}]}', 'Reporting-Endpoints': 'heroku-nel=https://nel.heroku.com/reports?ts=1735224050&amp;sid=c46efe9b-d3d2-4a0c-8c76-bfafa16c5add&amp;s=Ls0pPX9TyktyuOtzNj5lMw1svuIQwrmDVGDOLKhXrWo%3D', 'Nel': '{"report_to":"heroku-nel","max_age":3600,"success_fraction":0.005,"failure_fraction":0.05,"response_headers":["Via"]}', 'Connection': 'keep-alive', 'X-Powered-By': 'Express', 'Content-Type': 'application/json; charset=utf-8', 'Content-Length': '27', 'Etag': 'W/"1b-7JPSRCkb5FfnWcFEqc6JoLHxOjY"', 'Date': 'Thu, 26 Dec 2024 14:40:50 GMT', 'Via': '1.1 vegur'} 
 body={"token":"301ba6c73340ac9"} 
 </msg>
<msg time="2024-12-26T16:40:47.929613" level="INFO">${auth_response} = &lt;Response [200]&gt;</msg>
<var>${auth_response}</var>
<arg>${restfulBooker_baseUrl}/auth</arg>
<arg>json=${body}</arg>
<arg>expected_status=200</arg>
<doc>Sends a POST request.</doc>
<status status="PASS" start="2024-12-26T16:40:47.211686" elapsed="0.717927"/>
</kw>
<kw name="Set Variable" owner="BuiltIn">
<msg time="2024-12-26T16:40:47.931082" level="INFO">${bookingAuthToken} = 301ba6c73340ac9</msg>
<var>${bookingAuthToken}</var>
<arg>${auth_response.json()}[token]</arg>
<doc>Returns the given values which can then be assigned to a variables.</doc>
<status status="PASS" start="2024-12-26T16:40:47.931082" elapsed="0.000000"/>
</kw>
<kw name="Log" owner="BuiltIn">
<msg time="2024-12-26T16:40:47.931082" level="INFO">token is set: 301ba6c73340ac9</msg>
<arg>token is set: ${bookingAuthToken}</arg>
<doc>Logs the given message with the given level.</doc>
<status status="PASS" start="2024-12-26T16:40:47.931082" elapsed="0.000000"/>
</kw>
<return>
<value>${bookingAuthToken}</value>
<status status="PASS" start="2024-12-26T16:40:47.931082" elapsed="0.000000"/>
</return>
<msg time="2024-12-26T16:40:47.931082" level="INFO">${token} = 301ba6c73340ac9</msg>
<var>${token}</var>
<status status="PASS" start="2024-12-26T16:40:47.210685" elapsed="0.720397"/>
</kw>
<kw name="Create Session" owner="RequestsLibrary">
<msg time="2024-12-26T16:40:47.932413" level="INFO">Creating Session using : alias=deleteBookingSession, url=https://restful-booker.herokuapp.com, headers={},                     cookies={}, auth=None, timeout=None, proxies=None, verify=True,                     debug=0 </msg>
<arg>deleteBookingSession</arg>
<arg>${restfulBooker_baseUrl}</arg>
<arg>verify=true</arg>
<doc>Create Session: create a HTTP session to a server</doc>
<status status="PASS" start="2024-12-26T16:40:47.932413" elapsed="0.000000"/>
</kw>
<kw name="Create Dictionary" owner="BuiltIn">
<msg time="2024-12-26T16:40:47.932413" level="INFO">${header} = {'Content-Type': 'application/json', 'Cookie': 'token=301ba6c73340ac9'}</msg>
<var>${header}</var>
<arg>Content-Type=application/json</arg>
<arg>Cookie=token=${token}</arg>
<doc>Creates and returns a dictionary based on the given ``items``.</doc>
<status status="PASS" start="2024-12-26T16:40:47.932413" elapsed="0.000000"/>
</kw>
<kw name="DELETE On Session" owner="RequestsLibrary">
<msg time="2024-12-26T16:40:48.678677" level="INFO">DELETE Request : url=https://restful-booker.herokuapp.com/booking/27 
 path_url=/booking/27 
 headers={'User-Agent': 'python-requests/2.31.0', 'Accept-Encoding': 'gzip, deflate', 'Accept': '*/*', 'Connection': 'keep-alive', 'Content-Type': 'application/json', 'Cookie': 'token=301ba6c73340ac9', 'Content-Length': '0'} 
 body=None 
 </msg>
<msg time="2024-12-26T16:40:48.678677" level="INFO">DELETE Response : url=https://restful-booker.herokuapp.com/booking/27 
 status=201, reason=Created 
 headers={'Server': 'Cowboy', 'Report-To': '{"group":"heroku-nel","max_age":3600,"endpoints":[{"url":"https://nel.heroku.com/reports?ts=1735224051&amp;sid=c46efe9b-d3d2-4a0c-8c76-bfafa16c5add&amp;s=ZeoXbIR4zYQoVy4ouTYnu2B3IRFK0Jcm2oKR6KXLYdY%3D"}]}', 'Reporting-Endpoints': 'heroku-nel=https://nel.heroku.com/reports?ts=1735224051&amp;sid=c46efe9b-d3d2-4a0c-8c76-bfafa16c5add&amp;s=ZeoXbIR4zYQoVy4ouTYnu2B3IRFK0Jcm2oKR6KXLYdY%3D', 'Nel': '{"report_to":"heroku-nel","max_age":3600,"success_fraction":0.005,"failure_fraction":0.05,"response_headers":["Via"]}', 'Connection': 'keep-alive', 'X-Powered-By': 'Express', 'Content-Type': 'text/plain; charset=utf-8', 'Content-Length': '7', 'Etag': 'W/"7-rM9AyJuqT6iOan/xHh+AW+7K/T8"', 'Date': 'Thu, 26 Dec 2024 14:40:51 GMT', 'Via': '1.1 vegur'} 
 body=Created 
 </msg>
<msg time="2024-12-26T16:40:48.678677" level="INFO">${response} = &lt;Response [201]&gt;</msg>
<var>${response}</var>
<arg>deleteBookingSession</arg>
<arg>${Booking_ENDPOINT}/${id}</arg>
<arg>headers=${header}</arg>
<doc>Sends a DELETE request on a previously created HTTP Session.</doc>
<status status="PASS" start="2024-12-26T16:40:47.932413" elapsed="0.746264"/>
</kw>
<kw name="Log" owner="BuiltIn">
<msg time="2024-12-26T16:40:48.678677" level="INFO">Booking is deleted successfully for this booking_Id: 27</msg>
<arg>Booking is deleted successfully for this booking_Id: ${id}</arg>
<doc>Logs the given message with the given level.</doc>
<status status="PASS" start="2024-12-26T16:40:48.678677" elapsed="0.000000"/>
</kw>
<arg>${booking_Id}</arg>
<status status="PASS" start="2024-12-26T16:40:47.210685" elapsed="1.467992"/>
</kw>
<status status="PASS" start="2024-12-26T16:40:45.876998" elapsed="2.802684"/>
</test>
<test id="s1-s1-t4" name="TC4 - Create Booking From Json Data" line="17">
<kw name="Create Booking Using Json Data" owner="RestfulBookingKeywords">
<kw name="Create Session" owner="RequestsLibrary">
<msg time="2024-12-26T16:40:48.679682" level="INFO">Creating Session using : alias=booker, url=https://restful-booker.herokuapp.com, headers={'Content-Type': 'application/json'},                     cookies={}, auth=None, timeout=None, proxies=None, verify=False,                     debug=0 </msg>
<arg>booker</arg>
<arg>url=${restfulBooker_baseUrl}</arg>
<arg>headers=${headers}</arg>
<arg>disable_warnings=True</arg>
<doc>Create Session: create a HTTP session to a server</doc>
<status status="PASS" start="2024-12-26T16:40:48.679682" elapsed="0.000000"/>
</kw>
<kw name="POST On Session" owner="RequestsLibrary">
<msg time="2024-12-26T16:40:49.236360" level="INFO">POST Request : url=https://restful-booker.herokuapp.com/booking 
 path_url=/booking 
 headers={'User-Agent': 'python-requests/2.31.0', 'Accept-Encoding': 'gzip, deflate', 'Accept': '*/*', 'Connection': 'keep-alive', 'Content-Type': 'application/json', 'Content-Length': '180'} 
 body=b'{"firstname": "Marwa", "lastname": "Sami", "totalprice": 234, "depositpaid": true, "bookingdates": {"checkin": "2023-09-20", "checkout": "2024-12-15"}, "additionalneeds": "Dinner"}' 
 </msg>
<msg time="2024-12-26T16:40:49.236360" level="INFO">POST Response : url=https://restful-booker.herokuapp.com/booking 
 status=200, reason=OK 
 headers={'Server': 'Cowboy', 'Report-To': '{"group":"heroku-nel","max_age":3600,"endpoints":[{"url":"https://nel.heroku.com/reports?ts=1735224051&amp;sid=c46efe9b-d3d2-4a0c-8c76-bfafa16c5add&amp;s=ZeoXbIR4zYQoVy4ouTYnu2B3IRFK0Jcm2oKR6KXLYdY%3D"}]}', 'Reporting-Endpoints': 'heroku-nel=https://nel.heroku.com/reports?ts=1735224051&amp;sid=c46efe9b-d3d2-4a0c-8c76-bfafa16c5add&amp;s=ZeoXbIR4zYQoVy4ouTYnu2B3IRFK0Jcm2oKR6KXLYdY%3D', 'Nel': '{"report_to":"heroku-nel","max_age":3600,"success_fraction":0.005,"failure_fraction":0.05,"response_headers":["Via"]}', 'Connection': 'keep-alive', 'X-Powered-By': 'Express', 'Content-Type': 'application/json; charset=utf-8', 'Content-Length': '193', 'Etag': 'W/"c1-7xscCPrAVmVHFYn63eTgP3tiZLw"', 'Date': 'Thu, 26 Dec 2024 14:40:51 GMT', 'Via': '1.1 vegur'} 
 body={"bookingid":49,"booking":{"firstname":"Marwa","lastname":"Sami","totalprice":234,"depositpaid":true,"bookingdates":{"checkin":"2023-09-20","checkout":"2024-12-15"},"additionalneeds":"Dinner"}} 
 </msg>
<msg time="2024-12-26T16:40:49.236360" level="INFO">${post_response} = &lt;Response [200]&gt;</msg>
<var>${post_response}</var>
<arg>booker</arg>
<arg>/booking</arg>
<arg>json=${booking}</arg>
<doc>Sends a POST request on a previously created HTTP Session.</doc>
<status status="PASS" start="2024-12-26T16:40:48.680682" elapsed="0.555678"/>
</kw>
<kw name="Status Should Be" owner="RequestsLibrary">
<arg>200</arg>
<doc>Fails if response status code is different than the expected.</doc>
<status status="PASS" start="2024-12-26T16:40:49.236360" elapsed="0.000996"/>
</kw>
<kw name="GET On Session" owner="RequestsLibrary">
<msg time="2024-12-26T16:40:49.375345" level="INFO">GET Request : url=https://restful-booker.herokuapp.com/booking/49 
 path_url=/booking/49 
 headers={'User-Agent': 'python-requests/2.31.0', 'Accept-Encoding': 'gzip, deflate', 'Accept': '*/*', 'Connection': 'keep-alive', 'Content-Type': 'application/json'} 
 body=None 
 </msg>
<msg time="2024-12-26T16:40:49.376375" level="INFO">GET Response : url=https://restful-booker.herokuapp.com/booking/49 
 status=200, reason=OK 
 headers={'Server': 'Cowboy', 'Report-To': '{"group":"heroku-nel","max_age":3600,"endpoints":[{"url":"https://nel.heroku.com/reports?ts=1735224051&amp;sid=c46efe9b-d3d2-4a0c-8c76-bfafa16c5add&amp;s=ZeoXbIR4zYQoVy4ouTYnu2B3IRFK0Jcm2oKR6KXLYdY%3D"}]}', 'Reporting-Endpoints': 'heroku-nel=https://nel.heroku.com/reports?ts=1735224051&amp;sid=c46efe9b-d3d2-4a0c-8c76-bfafa16c5add&amp;s=ZeoXbIR4zYQoVy4ouTYnu2B3IRFK0Jcm2oKR6KXLYdY%3D', 'Nel': '{"report_to":"heroku-nel","max_age":3600,"success_fraction":0.005,"failure_fraction":0.05,"response_headers":["Via"]}', 'Connection': 'keep-alive', 'X-Powered-By': 'Express', 'Content-Type': 'application/json; charset=utf-8', 'Content-Length': '166', 'Etag': 'W/"a6-lPapVk2H7zffQa9pAWfpRt+9RHc"', 'Date': 'Thu, 26 Dec 2024 14:40:51 GMT', 'Via': '1.1 vegur'} 
 body={"firstname":"Marwa","lastname":"Sami","totalprice":234,"depositpaid":true,"bookingdates":{"checkin":"2023-09-20","checkout":"2024-12-15"},"additionalneeds":"Dinner"} 
 </msg>
<msg time="2024-12-26T16:40:49.376375" level="INFO">${response} = &lt;Response [200]&gt;</msg>
<var>${response}</var>
<arg>booker</arg>
<arg>/booking/${post_response.json()}[bookingid]</arg>
<doc>Sends a GET request on a previously created HTTP Session.</doc>
<status status="PASS" start="2024-12-26T16:40:49.237356" elapsed="0.139019"/>
</kw>
<kw name="Should Be Equal" owner="BuiltIn">
<arg>${response.json()}[lastname]</arg>
<arg>${booking}[lastname]</arg>
<doc>Fails if the given objects are unequal.</doc>
<status status="PASS" start="2024-12-26T16:40:49.376375" elapsed="0.001989"/>
</kw>
<kw name="Should Be Equal" owner="BuiltIn">
<arg>${response.json()}[firstname]</arg>
<arg>${booking}[firstname]</arg>
<doc>Fails if the given objects are unequal.</doc>
<status status="PASS" start="2024-12-26T16:40:49.378364" elapsed="0.001000"/>
</kw>
<kw name="Should Be Equal As Numbers" owner="BuiltIn">
<arg>${response.json()}[totalprice]</arg>
<arg>${booking}[totalprice]</arg>
<doc>Fails if objects are unequal after converting them to real numbers.</doc>
<status status="PASS" start="2024-12-26T16:40:49.380369" elapsed="0.000607"/>
</kw>
<kw name="Should Be Equal As Strings" owner="BuiltIn">
<arg>${response.json()}[depositpaid]</arg>
<arg>${booking}[depositpaid]</arg>
<doc>Fails if objects are unequal after converting them to strings.</doc>
<status status="PASS" start="2024-12-26T16:40:49.380976" elapsed="0.001089"/>
</kw>
<kw name="Should Be Equal" owner="BuiltIn">
<arg>${response.json()}[bookingdates][checkin]</arg>
<arg>${booking}[bookingdates][checkin]</arg>
<doc>Fails if the given objects are unequal.</doc>
<status status="PASS" start="2024-12-26T16:40:49.383031" elapsed="0.000947"/>
</kw>
<kw name="Should Be Equal" owner="BuiltIn">
<arg>${response.json()}[bookingdates][checkout]</arg>
<arg>${booking}[bookingdates][checkout]</arg>
<doc>Fails if the given objects are unequal.</doc>
<status status="PASS" start="2024-12-26T16:40:49.383978" elapsed="0.000996"/>
</kw>
<kw name="Should Be Equal" owner="BuiltIn">
<arg>${response.json()}[additionalneeds]</arg>
<arg>${booking}[additionalneeds]</arg>
<doc>Fails if the given objects are unequal.</doc>
<status status="PASS" start="2024-12-26T16:40:49.384974" elapsed="0.000000"/>
</kw>
<kw name="Set Variable" owner="BuiltIn">
<msg time="2024-12-26T16:40:49.386480" level="INFO">${booking_Id} = 49</msg>
<var>${booking_Id}</var>
<arg>${post_response.json()}[bookingid]</arg>
<doc>Returns the given values which can then be assigned to a variables.</doc>
<status status="PASS" start="2024-12-26T16:40:49.384974" elapsed="0.001506"/>
</kw>
<kw name="Log" owner="BuiltIn">
<msg time="2024-12-26T16:40:49.386480" level="INFO">Successful getting posted data that's booking id is: 49</msg>
<arg>Successful getting posted data that\'s booking id is: ${booking_Id}</arg>
<doc>Logs the given message with the given level.</doc>
<status status="PASS" start="2024-12-26T16:40:49.386480" elapsed="0.000000"/>
</kw>
<return>
<value>${booking_Id}</value>
<status status="PASS" start="2024-12-26T16:40:49.386480" elapsed="0.000000"/>
</return>
<msg time="2024-12-26T16:40:49.386480" level="INFO">${booking_Id} = 49</msg>
<var>${booking_Id}</var>
<status status="PASS" start="2024-12-26T16:40:48.679682" elapsed="0.706798"/>
</kw>
<kw name="Log" owner="BuiltIn">
<msg time="2024-12-26T16:40:49.387529" level="INFO">Verifying that posted data are then fetched by created booking id: 49</msg>
<arg>Verifying that posted data are then fetched by created booking id: ${booking_Id}</arg>
<doc>Logs the given message with the given level.</doc>
<status status="PASS" start="2024-12-26T16:40:49.387529" elapsed="0.000000"/>
</kw>
<kw name="Get Booking Data By Specific ID" owner="RestfulBookingKeywords">
<kw name="Create Session" owner="RequestsLibrary">
<msg time="2024-12-26T16:40:49.387529" level="INFO">Creating Session using : alias=getBookingByIdSession, url=https://restful-booker.herokuapp.com, headers={},                     cookies={}, auth=None, timeout=None, proxies=None, verify=True,                     debug=0 </msg>
<arg>getBookingByIdSession</arg>
<arg>${restfulBooker_baseUrl}</arg>
<arg>verify=true</arg>
<doc>Create Session: create a HTTP session to a server</doc>
<status status="PASS" start="2024-12-26T16:40:49.387529" elapsed="0.001064"/>
</kw>
<kw name="Create Dictionary" owner="BuiltIn">
<msg time="2024-12-26T16:40:49.388593" level="INFO">${header} = {'Accept': 'application/json'}</msg>
<var>${header}</var>
<arg>Accept=application/json</arg>
<doc>Creates and returns a dictionary based on the given ``items``.</doc>
<status status="PASS" start="2024-12-26T16:40:49.388593" elapsed="0.000000"/>
</kw>
<kw name="GET On Session" owner="RequestsLibrary">
<msg time="2024-12-26T16:40:50.133000" level="INFO">GET Request : url=https://restful-booker.herokuapp.com/booking/49 
 path_url=/booking/49 
 headers={'User-Agent': 'python-requests/2.31.0', 'Accept-Encoding': 'gzip, deflate', 'Accept': 'application/json', 'Connection': 'keep-alive'} 
 body=None 
 </msg>
<msg time="2024-12-26T16:40:50.133000" level="INFO">GET Response : url=https://restful-booker.herokuapp.com/booking/49 
 status=200, reason=OK 
 headers={'Server': 'Cowboy', 'Report-To': '{"group":"heroku-nel","max_age":3600,"endpoints":[{"url":"https://nel.heroku.com/reports?ts=1735224052&amp;sid=c46efe9b-d3d2-4a0c-8c76-bfafa16c5add&amp;s=FVscPWWyNhRzIJoX6JsBB5rorBVGC3nZ%2BHz%2FjdEasLk%3D"}]}', 'Reporting-Endpoints': 'heroku-nel=https://nel.heroku.com/reports?ts=1735224052&amp;sid=c46efe9b-d3d2-4a0c-8c76-bfafa16c5add&amp;s=FVscPWWyNhRzIJoX6JsBB5rorBVGC3nZ%2BHz%2FjdEasLk%3D', 'Nel': '{"report_to":"heroku-nel","max_age":3600,"success_fraction":0.005,"failure_fraction":0.05,"response_headers":["Via"]}', 'Connection': 'keep-alive', 'X-Powered-By': 'Express', 'Content-Type': 'application/json; charset=utf-8', 'Content-Length': '166', 'Etag': 'W/"a6-lPapVk2H7zffQa9pAWfpRt+9RHc"', 'Date': 'Thu, 26 Dec 2024 14:40:52 GMT', 'Via': '1.1 vegur'} 
 body={"firstname":"Marwa","lastname":"Sami","totalprice":234,"depositpaid":true,"bookingdates":{"checkin":"2023-09-20","checkout":"2024-12-15"},"additionalneeds":"Dinner"} 
 </msg>
<msg time="2024-12-26T16:40:50.133999" level="INFO">${get_response} = &lt;Response [200]&gt;</msg>
<var>${get_response}</var>
<arg>getBookingByIdSession</arg>
<arg>${Booking_ENDPOINT}/${id}</arg>
<arg>headers=${header}</arg>
<arg>expected_status=200</arg>
<doc>Sends a GET request on a previously created HTTP Session.</doc>
<status status="PASS" start="2024-12-26T16:40:49.388593" elapsed="0.745406"/>
</kw>
<kw name="Log" owner="BuiltIn">
<msg time="2024-12-26T16:40:50.133999" level="INFO">Successful getting data by posted booking id is: 49</msg>
<arg>Successful getting data by posted booking id is: ${id}</arg>
<doc>Logs the given message with the given level.</doc>
<status status="PASS" start="2024-12-26T16:40:50.133999" elapsed="0.000000"/>
</kw>
<arg>${booking_Id}</arg>
<status status="PASS" start="2024-12-26T16:40:49.387529" elapsed="0.746470"/>
</kw>
<status status="PASS" start="2024-12-26T16:40:48.679682" elapsed="1.455315"/>
</test>
<test id="s1-s1-t5" name="TC5 - Update Booking Data" line="22">
<kw name="Create Booking Using Json Data" owner="RestfulBookingKeywords">
<kw name="Create Session" owner="RequestsLibrary">
<msg time="2024-12-26T16:40:50.135996" level="INFO">Creating Session using : alias=booker, url=https://restful-booker.herokuapp.com, headers={'Content-Type': 'application/json'},                     cookies={}, auth=None, timeout=None, proxies=None, verify=False,                     debug=0 </msg>
<arg>booker</arg>
<arg>url=${restfulBooker_baseUrl}</arg>
<arg>headers=${headers}</arg>
<arg>disable_warnings=True</arg>
<doc>Create Session: create a HTTP session to a server</doc>
<status status="PASS" start="2024-12-26T16:40:50.135996" elapsed="0.000999"/>
</kw>
<kw name="POST On Session" owner="RequestsLibrary">
<msg time="2024-12-26T16:40:50.714887" level="INFO">POST Request : url=https://restful-booker.herokuapp.com/booking 
 path_url=/booking 
 headers={'User-Agent': 'python-requests/2.31.0', 'Accept-Encoding': 'gzip, deflate', 'Accept': '*/*', 'Connection': 'keep-alive', 'Content-Type': 'application/json', 'Content-Length': '180'} 
 body=b'{"firstname": "Marwa", "lastname": "Sami", "totalprice": 234, "depositpaid": true, "bookingdates": {"checkin": "2023-09-20", "checkout": "2024-12-15"}, "additionalneeds": "Dinner"}' 
 </msg>
<msg time="2024-12-26T16:40:50.714887" level="INFO">POST Response : url=https://restful-booker.herokuapp.com/booking 
 status=200, reason=OK 
 headers={'Server': 'Cowboy', 'Report-To': '{"group":"heroku-nel","max_age":3600,"endpoints":[{"url":"https://nel.heroku.com/reports?ts=1735224053&amp;sid=c46efe9b-d3d2-4a0c-8c76-bfafa16c5add&amp;s=aiL5bGRhdfdoUQVugZ71COEqK1Gn%2Bukv9bkGwalbnDQ%3D"}]}', 'Reporting-Endpoints': 'heroku-nel=https://nel.heroku.com/reports?ts=1735224053&amp;sid=c46efe9b-d3d2-4a0c-8c76-bfafa16c5add&amp;s=aiL5bGRhdfdoUQVugZ71COEqK1Gn%2Bukv9bkGwalbnDQ%3D', 'Nel': '{"report_to":"heroku-nel","max_age":3600,"success_fraction":0.005,"failure_fraction":0.05,"response_headers":["Via"]}', 'Connection': 'keep-alive', 'X-Powered-By': 'Express', 'Content-Type': 'application/json; charset=utf-8', 'Content-Length': '193', 'Etag': 'W/"c1-3Mvb+lPkMmt9NQ9621LDpQYZgpM"', 'Date': 'Thu, 26 Dec 2024 14:40:53 GMT', 'Via': '1.1 vegur'} 
 body={"bookingid":50,"booking":{"firstname":"Marwa","lastname":"Sami","totalprice":234,"depositpaid":true,"bookingdates":{"checkin":"2023-09-20","checkout":"2024-12-15"},"additionalneeds":"Dinner"}} 
 </msg>
<msg time="2024-12-26T16:40:50.714887" level="INFO">${post_response} = &lt;Response [200]&gt;</msg>
<var>${post_response}</var>
<arg>booker</arg>
<arg>/booking</arg>
<arg>json=${booking}</arg>
<doc>Sends a POST request on a previously created HTTP Session.</doc>
<status status="PASS" start="2024-12-26T16:40:50.136995" elapsed="0.577892"/>
</kw>
<kw name="Status Should Be" owner="RequestsLibrary">
<arg>200</arg>
<doc>Fails if response status code is different than the expected.</doc>
<status status="PASS" start="2024-12-26T16:40:50.714887" elapsed="0.000000"/>
</kw>
<kw name="GET On Session" owner="RequestsLibrary">
<msg time="2024-12-26T16:40:50.857235" level="INFO">GET Request : url=https://restful-booker.herokuapp.com/booking/50 
 path_url=/booking/50 
 headers={'User-Agent': 'python-requests/2.31.0', 'Accept-Encoding': 'gzip, deflate', 'Accept': '*/*', 'Connection': 'keep-alive', 'Content-Type': 'application/json'} 
 body=None 
 </msg>
<msg time="2024-12-26T16:40:50.857235" level="INFO">GET Response : url=https://restful-booker.herokuapp.com/booking/50 
 status=200, reason=OK 
 headers={'Server': 'Cowboy', 'Report-To': '{"group":"heroku-nel","max_age":3600,"endpoints":[{"url":"https://nel.heroku.com/reports?ts=1735224053&amp;sid=c46efe9b-d3d2-4a0c-8c76-bfafa16c5add&amp;s=aiL5bGRhdfdoUQVugZ71COEqK1Gn%2Bukv9bkGwalbnDQ%3D"}]}', 'Reporting-Endpoints': 'heroku-nel=https://nel.heroku.com/reports?ts=1735224053&amp;sid=c46efe9b-d3d2-4a0c-8c76-bfafa16c5add&amp;s=aiL5bGRhdfdoUQVugZ71COEqK1Gn%2Bukv9bkGwalbnDQ%3D', 'Nel': '{"report_to":"heroku-nel","max_age":3600,"success_fraction":0.005,"failure_fraction":0.05,"response_headers":["Via"]}', 'Connection': 'keep-alive', 'X-Powered-By': 'Express', 'Content-Type': 'application/json; charset=utf-8', 'Content-Length': '166', 'Etag': 'W/"a6-lPapVk2H7zffQa9pAWfpRt+9RHc"', 'Date': 'Thu, 26 Dec 2024 14:40:53 GMT', 'Via': '1.1 vegur'} 
 body={"firstname":"Marwa","lastname":"Sami","totalprice":234,"depositpaid":true,"bookingdates":{"checkin":"2023-09-20","checkout":"2024-12-15"},"additionalneeds":"Dinner"} 
 </msg>
<msg time="2024-12-26T16:40:50.857235" level="INFO">${response} = &lt;Response [200]&gt;</msg>
<var>${response}</var>
<arg>booker</arg>
<arg>/booking/${post_response.json()}[bookingid]</arg>
<doc>Sends a GET request on a previously created HTTP Session.</doc>
<status status="PASS" start="2024-12-26T16:40:50.714887" elapsed="0.142348"/>
</kw>
<kw name="Should Be Equal" owner="BuiltIn">
<arg>${response.json()}[lastname]</arg>
<arg>${booking}[lastname]</arg>
<doc>Fails if the given objects are unequal.</doc>
<status status="PASS" start="2024-12-26T16:40:50.857235" elapsed="0.000000"/>
</kw>
<kw name="Should Be Equal" owner="BuiltIn">
<arg>${response.json()}[firstname]</arg>
<arg>${booking}[firstname]</arg>
<doc>Fails if the given objects are unequal.</doc>
<status status="PASS" start="2024-12-26T16:40:50.858235" elapsed="0.000000"/>
</kw>
<kw name="Should Be Equal As Numbers" owner="BuiltIn">
<arg>${response.json()}[totalprice]</arg>
<arg>${booking}[totalprice]</arg>
<doc>Fails if objects are unequal after converting them to real numbers.</doc>
<status status="PASS" start="2024-12-26T16:40:50.858235" elapsed="0.000000"/>
</kw>
<kw name="Should Be Equal As Strings" owner="BuiltIn">
<arg>${response.json()}[depositpaid]</arg>
<arg>${booking}[depositpaid]</arg>
<doc>Fails if objects are unequal after converting them to strings.</doc>
<status status="PASS" start="2024-12-26T16:40:50.858235" elapsed="0.001000"/>
</kw>
<kw name="Should Be Equal" owner="BuiltIn">
<arg>${response.json()}[bookingdates][checkin]</arg>
<arg>${booking}[bookingdates][checkin]</arg>
<doc>Fails if the given objects are unequal.</doc>
<status status="PASS" start="2024-12-26T16:40:50.859235" elapsed="0.000000"/>
</kw>
<kw name="Should Be Equal" owner="BuiltIn">
<arg>${response.json()}[bookingdates][checkout]</arg>
<arg>${booking}[bookingdates][checkout]</arg>
<doc>Fails if the given objects are unequal.</doc>
<status status="PASS" start="2024-12-26T16:40:50.859235" elapsed="0.001000"/>
</kw>
<kw name="Should Be Equal" owner="BuiltIn">
<arg>${response.json()}[additionalneeds]</arg>
<arg>${booking}[additionalneeds]</arg>
<doc>Fails if the given objects are unequal.</doc>
<status status="PASS" start="2024-12-26T16:40:50.860235" elapsed="0.000000"/>
</kw>
<kw name="Set Variable" owner="BuiltIn">
<msg time="2024-12-26T16:40:50.860235" level="INFO">${booking_Id} = 50</msg>
<var>${booking_Id}</var>
<arg>${post_response.json()}[bookingid]</arg>
<doc>Returns the given values which can then be assigned to a variables.</doc>
<status status="PASS" start="2024-12-26T16:40:50.860235" elapsed="0.000000"/>
</kw>
<kw name="Log" owner="BuiltIn">
<msg time="2024-12-26T16:40:50.861234" level="INFO">Successful getting posted data that's booking id is: 50</msg>
<arg>Successful getting posted data that\'s booking id is: ${booking_Id}</arg>
<doc>Logs the given message with the given level.</doc>
<status status="PASS" start="2024-12-26T16:40:50.860235" elapsed="0.000999"/>
</kw>
<return>
<value>${booking_Id}</value>
<status status="PASS" start="2024-12-26T16:40:50.861234" elapsed="0.000000"/>
</return>
<msg time="2024-12-26T16:40:50.861234" level="INFO">${booking_Id} = 50</msg>
<var>${booking_Id}</var>
<status status="PASS" start="2024-12-26T16:40:50.134997" elapsed="0.726237"/>
</kw>
<kw name="Update-Put Booking Data" owner="RestfulBookingKeywords">
<kw name="Get token" owner="RestfulBookingKeywords">
<kw name="Create Dictionary" owner="BuiltIn">
<msg time="2024-12-26T16:40:50.863236" level="INFO">${body} = {'username': 'admin', 'password': 'password123'}</msg>
<var>${body}</var>
<arg>username=admin</arg>
<arg>password=password123</arg>
<doc>Creates and returns a dictionary based on the given ``items``.</doc>
<status status="PASS" start="2024-12-26T16:40:50.863236" elapsed="0.000000"/>
</kw>
<kw name="POST" owner="RequestsLibrary">
<msg time="2024-12-26T16:40:51.640657" level="INFO">POST Request : url=https://restful-booker.herokuapp.com/auth 
 path_url=/auth 
 headers={'User-Agent': 'python-requests/2.31.0', 'Accept-Encoding': 'gzip, deflate', 'Accept': '*/*', 'Connection': 'keep-alive', 'Content-Length': '48', 'Content-Type': 'application/json'} 
 body=b'{"username": "admin", "password": "password123"}' 
 </msg>
<msg time="2024-12-26T16:40:51.640657" level="INFO">POST Response : url=https://restful-booker.herokuapp.com/auth 
 status=200, reason=OK 
 headers={'Server': 'Cowboy', 'Report-To': '{"group":"heroku-nel","max_age":3600,"endpoints":[{"url":"https://nel.heroku.com/reports?ts=1735224054&amp;sid=c46efe9b-d3d2-4a0c-8c76-bfafa16c5add&amp;s=YLjlEmguhas2et4u4jNoQsDAa9izrpDQgjGomDmvSMw%3D"}]}', 'Reporting-Endpoints': 'heroku-nel=https://nel.heroku.com/reports?ts=1735224054&amp;sid=c46efe9b-d3d2-4a0c-8c76-bfafa16c5add&amp;s=YLjlEmguhas2et4u4jNoQsDAa9izrpDQgjGomDmvSMw%3D', 'Nel': '{"report_to":"heroku-nel","max_age":3600,"success_fraction":0.005,"failure_fraction":0.05,"response_headers":["Via"]}', 'Connection': 'keep-alive', 'X-Powered-By': 'Express', 'Content-Type': 'application/json; charset=utf-8', 'Content-Length': '27', 'Etag': 'W/"1b-QldwUwDLqe6jCwaZLzvxYeesljc"', 'Date': 'Thu, 26 Dec 2024 14:40:54 GMT', 'Via': '1.1 vegur'} 
 body={"token":"e9e6f755148cf46"} 
 </msg>
<msg time="2024-12-26T16:40:51.641617" level="INFO">${auth_response} = &lt;Response [200]&gt;</msg>
<var>${auth_response}</var>
<arg>${restfulBooker_baseUrl}/auth</arg>
<arg>json=${body}</arg>
<arg>expected_status=200</arg>
<doc>Sends a POST request.</doc>
<status status="PASS" start="2024-12-26T16:40:50.863236" elapsed="0.778381"/>
</kw>
<kw name="Set Variable" owner="BuiltIn">
<msg time="2024-12-26T16:40:51.642571" level="INFO">${bookingAuthToken} = e9e6f755148cf46</msg>
<var>${bookingAuthToken}</var>
<arg>${auth_response.json()}[token]</arg>
<doc>Returns the given values which can then be assigned to a variables.</doc>
<status status="PASS" start="2024-12-26T16:40:51.641617" elapsed="0.000954"/>
</kw>
<kw name="Log" owner="BuiltIn">
<msg time="2024-12-26T16:40:51.642571" level="INFO">token is set: e9e6f755148cf46</msg>
<arg>token is set: ${bookingAuthToken}</arg>
<doc>Logs the given message with the given level.</doc>
<status status="PASS" start="2024-12-26T16:40:51.642571" elapsed="0.000000"/>
</kw>
<return>
<value>${bookingAuthToken}</value>
<status status="PASS" start="2024-12-26T16:40:51.642571" elapsed="0.000000"/>
</return>
<msg time="2024-12-26T16:40:51.642571" level="INFO">${token} = e9e6f755148cf46</msg>
<var>${token}</var>
<status status="PASS" start="2024-12-26T16:40:50.863236" elapsed="0.779335"/>
</kw>
<kw name="Create Dictionary" owner="BuiltIn">
<msg time="2024-12-26T16:40:51.643608" level="INFO">${header} = {'Content-Type': 'application/json', 'Accept': 'application/json', 'Cookie': 'token=e9e6f755148cf46'}</msg>
<var>${header}</var>
<arg>Content-Type=application/json</arg>
<arg>Accept=application/json</arg>
<arg>Cookie=token=${token}</arg>
<doc>Creates and returns a dictionary based on the given ``items``.</doc>
<status status="PASS" start="2024-12-26T16:40:51.643608" elapsed="0.000000"/>
</kw>
<kw name="Create Dictionary" owner="BuiltIn">
<msg time="2024-12-26T16:40:51.643608" level="INFO">${booking_dates} = {'checkin': '"9/12/1010"', 'checkout': '"9/13/2010"'}</msg>
<var>${booking_dates}</var>
<arg>checkin=${checkin}</arg>
<arg>checkout=${checkout}</arg>
<doc>Creates and returns a dictionary based on the given ``items``.</doc>
<status status="PASS" start="2024-12-26T16:40:51.643608" elapsed="0.000000"/>
</kw>
<kw name="Create Dictionary" owner="BuiltIn">
<msg time="2024-12-26T16:40:51.643608" level="INFO">${body} = {'firstname': '"Waheed"', 'lastname': '"Ahmed"', 'totalprice': '9998', 'depositpaid': '"True"', 'bookingdates': {'checkin': '"9/12/1010"', 'checkout': '"9/13/2010"'}, 'additionalneeds': '"Super"'}</msg>
<var>${body}</var>
<arg>firstname=${firstname}</arg>
<arg>lastname=${lastname}</arg>
<arg>totalprice=${totalprice}</arg>
<arg>depositpaid=${depositpaid}</arg>
<arg>bookingdates=${booking_dates}</arg>
<arg>additionalneeds=${additionalneeds}</arg>
<doc>Creates and returns a dictionary based on the given ``items``.</doc>
<status status="PASS" start="2024-12-26T16:40:51.643608" elapsed="0.000000"/>
</kw>
<kw name="Create Session" owner="RequestsLibrary">
<msg time="2024-12-26T16:40:51.644665" level="INFO">Creating Session using : alias=UpdateBookingData, url=https://restful-booker.herokuapp.com, headers={'Content-Type': 'application/json', 'Accept': 'application/json', 'Cookie': 'token=e9e6f755148cf46'},                     cookies={}, auth=None, timeout=None, proxies=None, verify=False,                     debug=0 </msg>
<arg>UpdateBookingData</arg>
<arg>${restfulBooker_baseUrl}</arg>
<arg>headers=${header}</arg>
<arg>disable_warnings=True</arg>
<doc>Create Session: create a HTTP session to a server</doc>
<status status="PASS" start="2024-12-26T16:40:51.643608" elapsed="0.001057"/>
</kw>
<kw name="PUT On Session" owner="RequestsLibrary">
<msg time="2024-12-26T16:40:52.204522" level="INFO">PUT Request : url=https://restful-booker.herokuapp.com/booking/50 
 path_url=/booking/50 
 headers={'User-Agent': 'python-requests/2.31.0', 'Accept-Encoding': 'gzip, deflate', 'Accept': 'application/json', 'Connection': 'keep-alive', 'Content-Type': 'application/json', 'Cookie': 'token=e9e6f755148cf46', 'Content-Length': '208'} 
 body=b'{"firstname": "\\"Waheed\\"", "lastname": "\\"Ahmed\\"", "totalprice": "9998", "depositpaid": "\\"True\\"", "bookingdates": {"checkin": "\\"9/12/1010\\"", "checkout": "\\"9/13/2010\\""}, "additionalneeds": "\\"Super\\""}' 
 </msg>
<msg time="2024-12-26T16:40:52.204522" level="INFO">PUT Response : url=https://restful-booker.herokuapp.com/booking/50 
 status=200, reason=OK 
 headers={'Server': 'Cowboy', 'Report-To': '{"group":"heroku-nel","max_age":3600,"endpoints":[{"url":"https://nel.heroku.com/reports?ts=1735224054&amp;sid=c46efe9b-d3d2-4a0c-8c76-bfafa16c5add&amp;s=YLjlEmguhas2et4u4jNoQsDAa9izrpDQgjGomDmvSMw%3D"}]}', 'Reporting-Endpoints': 'heroku-nel=https://nel.heroku.com/reports?ts=1735224054&amp;sid=c46efe9b-d3d2-4a0c-8c76-bfafa16c5add&amp;s=YLjlEmguhas2et4u4jNoQsDAa9izrpDQgjGomDmvSMw%3D', 'Nel': '{"report_to":"heroku-nel","max_age":3600,"success_fraction":0.005,"failure_fraction":0.05,"response_headers":["Via"]}', 'Connection': 'keep-alive', 'X-Powered-By': 'Express', 'Content-Type': 'application/json; charset=utf-8', 'Content-Length': '180', 'Etag': 'W/"b4-3btDYZgGWjb/s99XiAORokBSazA"', 'Date': 'Thu, 26 Dec 2024 14:40:54 GMT', 'Via': '1.1 vegur'} 
 body={"firstname":"\"Waheed\"","lastname":"\"Ahmed\"","totalprice":9998,"depositpaid":true,"bookingdates":{"checkin":"1010-09-12","checkout":"2010-09-13"},"additionalneeds":"\"Super\""} 
 </msg>
<msg time="2024-12-26T16:40:52.204522" level="INFO">${put_response} = &lt;Response [200]&gt;</msg>
<var>${put_response}</var>
<arg>UpdateBookingData</arg>
<arg>${Booking_ENDPOINT}/${booking_Id}</arg>
<arg>json=${body}</arg>
<doc>Sends a PUT request on a previously created HTTP Session.</doc>
<status status="PASS" start="2024-12-26T16:40:51.644665" elapsed="0.559857"/>
</kw>
<kw name="Status Should Be" owner="RequestsLibrary">
<arg>200</arg>
<doc>Fails if response status code is different than the expected.</doc>
<status status="PASS" start="2024-12-26T16:40:52.205519" elapsed="0.000000"/>
</kw>
<kw name="Log" owner="BuiltIn">
<msg time="2024-12-26T16:40:52.205519" level="INFO">Booking Data are updated successfully for needed booking id: 50</msg>
<arg>Booking Data are updated successfully for needed booking id: ${booking_Id}</arg>
<doc>Logs the given message with the given level.</doc>
<status status="PASS" start="2024-12-26T16:40:52.205519" elapsed="0.000000"/>
</kw>
<arg>${booking_Id}</arg>
<arg>"9/12/1010"</arg>
<arg>"9/13/2010"</arg>
<arg>"Waheed"</arg>
<arg>"Ahmed"</arg>
<arg>9998</arg>
<arg>"True"</arg>
<arg>"Super"</arg>
<status status="PASS" start="2024-12-26T16:40:50.861234" elapsed="1.344285"/>
</kw>
<status status="PASS" start="2024-12-26T16:40:50.134997" elapsed="2.070522"/>
</test>
<status status="PASS" start="2024-12-26T16:40:40.441728" elapsed="11.763791"/>
</suite>
<status status="PASS" start="2024-12-26T16:40:40.430212" elapsed="11.776307"/>
</suite>
<statistics>
<total>
<stat pass="5" fail="0" skip="0">All Tests</stat>
</total>
<tag>
</tag>
<suite>
<stat pass="5" fail="0" skip="0" id="s1" name="Suites">Suites</stat>
<stat pass="5" fail="0" skip="0" id="s1-s1" name="RestfulBookingSuite">Suites.RestfulBookingSuite</stat>
</suite>
</statistics>
<errors>
<msg time="2024-12-26T16:40:40.447238" level="WARN">Error in file 'C:\Users\DELL\Documents\Automation\Robot-Framework\Projects\Final-Good practices\RobotFramework\STCS_APITestingUsingRF\Resources\Keywords\RestfulBookingKeywords.robot' on line 15: The '[Return]' setting is deprecated. Use the 'RETURN' statement instead.</msg>
<msg time="2024-12-26T16:40:40.447238" level="WARN">Error in file 'C:\Users\DELL\Documents\Automation\Robot-Framework\Projects\Final-Good practices\RobotFramework\STCS_APITestingUsingRF\Resources\Keywords\RestfulBookingKeywords.robot' on line 50: The '[Return]' setting is deprecated. Use the 'RETURN' statement instead.</msg>
<msg time="2024-12-26T16:40:40.447238" level="WARN">Error in file 'C:\Users\DELL\Documents\Automation\Robot-Framework\Projects\Final-Good practices\RobotFramework\STCS_APITestingUsingRF\Resources\Keywords\RestfulBookingKeywords.robot' on line 78: The '[Return]' setting is deprecated. Use the 'RETURN' statement instead.</msg>
</errors>
</robot>
